<?xml version="1.0" encoding="UTF-8"?>
<!-- Generated by org.testng.reporters.JUnitReportReporter -->
<testsuite skipped="0" hostname="LAPTOP-LM205E0I" name="com.testcases.LoginTestpwc" tests="1" failures="0" timestamp="02 Sep 2019 19:22:46 GMT" time="18.106" errors="0">
  <testcase name="loginApp" time="18.106" classname="com.testcases.LoginTestpwc"/>
</testsuite> <!-- com.testcases.LoginTestpwc -->
