<?xml version="1.0" encoding="UTF-8"?>
<!-- Generated by org.testng.reporters.JUnitReportReporter -->
<testsuite skipped="0" hostname="LAPTOP-LM205E0I" name="com.testcases.LoginTestpwc" tests="1" failures="0" timestamp="01 Sep 2019 07:17:15 GMT" time="34.710" errors="0">
  <testcase name="loginApp" time="34.710" classname="com.testcases.LoginTestpwc"/>
</testsuite> <!-- com.testcases.LoginTestpwc -->
