<?xml version="1.0" encoding="UTF-8"?>
<!-- Generated by org.testng.reporters.JUnitReportReporter -->
<testsuite hostname="LAPTOP-LM205E0I" name="com.testcases.LoginTestpwc" tests="1" failures="0" timestamp="1 Sep 2019 07:20:52 GMT" time="13.127" errors="0">
  <testcase name="loginApp" time="13.127" classname="com.testcases.LoginTestpwc"/>
</testsuite> <!-- com.testcases.LoginTestpwc -->
